<?xml version="1.0" encoding="utf-8"?><testsuites><testsuite name="pytest" errors="0" failures="0" skipped="0" tests="14" time="1.957" timestamp="2024-11-02T06:19:55.341539+00:00" hostname="ac5567f4dc49"><testcase classname="tests.test_bernstein" name="test_levin_bernstein[case0]" time="0.013" /><testcase classname="tests.test_bernstein" name="test_levin_bernstein[case1]" time="0.015" /><testcase classname="tests.test_bernstein" name="test_levin_bernstein[case2]" time="0.016" /><testcase classname="tests.test_bernstein" name="test_levin_bernstein[case3]" time="0.017" /><testcase classname="tests.test_bernstein" name="test_levin_bernstein[case4]" time="0.020" /><testcase classname="tests.test_bernstein" name="test_coeff_to_poly" time="0.001" /><testcase classname="tests.test_hermite" name="test_levin_hermite_integral[case0]" time="0.425" /><testcase classname="tests.test_utils" name="test_decompress" time="0.001" /><testcase classname="tests.test_utils" name="test_decompress_list" time="0.001" /><testcase classname="tests.test_utils" name="test_multidim_size" time="0.001" /><testcase classname="tests.test_utils" name="test_multidim_size_single" time="0.001" /><testcase classname="tests.test_utils" name="test_multidim_size_list" time="0.001" /><testcase classname="tests.test_utils" name="test_arange" time="0.001" /><testcase classname="tests.test_utils" name="test_TSVD_solve" time="0.001" /></testsuite></testsuites>